<?xml version="1.0" encoding="UTF-8"?>
<!-- Generated by org.testng.reporters.JUnitXMLReporter -->
<testsuite ignored="0" hostname="DESKTOP-EEPE4EA" failures="0" tests="11" name="Default test" time="71.927" errors="0" timestamp="2023-10-28T15:55:29 EDT">
  <testcase classname="testPages.TestPage" name="HooverCellPhoneLink" time="9.338"/>
  <testcase classname="testPages.TestPage" name="CellphoneSelect" time="3.699"/>
  <testcase classname="testPages.TestPage" name="AddToCart" time="12.9"/>
  <testcase classname="testPages.TestPage" name="ShopCart" time="6.487"/>
  <testcase classname="testPages.TestPage" name="CheckOutAsGuest" time="1.049"/>
  <testcase classname="testPages.TestPage" name="BillingInfo" time="0.827"/>
  <testcase classname="testPages.TestPage" name="ShipmentMethod" time="0.353"/>
  <testcase classname="testPages.TestPage" name="PaymentMethod" time="13.084"/>
  <testcase classname="testPages.TestPage" name="PaymentInfo" time="7.051"/>
  <testcase classname="testPages.TestPage" name="OrderConfirmation" time="3.28"/>
  <testcase classname="testPages.TestPage" name="CompletedOrder" time="5.242"/>
</testsuite> <!-- Default test -->
