<?xml version="1.0" encoding="UTF-8"?>
<!-- Generated by org.testng.reporters.JUnitXMLReporter -->
<testsuite ignored="0" hostname="DESKTOP-EEPE4EA" failures="0" tests="3" name="Default test" time="31.728" errors="0" timestamp="2023-11-13T19:21:00 EST">
  <testcase classname="testPages.dataProviderMySqlTest" name="setUpTest" time="9.679"/>
  <testcase classname="testPages.dataProviderMySqlTest" name="setUpTest" time="11.44"/>
  <testcase classname="testPages.dataProviderMySqlTest" name="setUpTest" time="10.071"/>
</testsuite> <!-- Default test -->
