<?xml version="1.0" encoding="UTF-8"?>
<!-- Generated by org.testng.reporters.JUnitXMLReporter -->
<testsuite ignored="0" hostname="DESKTOP-EEPE4EA" failures="0" tests="11" name="Test" time="70.359" errors="0" timestamp="2023-10-28T16:00:35 EDT">
  <testcase classname="testPages.TestPage" name="HooverCellPhoneLink" time="9.366"/>
  <testcase classname="testPages.TestPage" name="CellphoneSelect" time="3.734"/>
  <testcase classname="testPages.TestPage" name="AddToCart" time="12.376"/>
  <testcase classname="testPages.TestPage" name="ShopCart" time="6.472"/>
  <testcase classname="testPages.TestPage" name="CheckOutAsGuest" time="0.534"/>
  <testcase classname="testPages.TestPage" name="BillingInfo" time="0.848"/>
  <testcase classname="testPages.TestPage" name="ShipmentMethod" time="0.37"/>
  <testcase classname="testPages.TestPage" name="PaymentMethod" time="13.113"/>
  <testcase classname="testPages.TestPage" name="PaymentInfo" time="7.056"/>
  <testcase classname="testPages.TestPage" name="OrderConfirmation" time="3.053"/>
  <testcase classname="testPages.TestPage" name="CompletedOrder" time="5.262"/>
</testsuite> <!-- Test -->
