<?xml version="1.0" encoding="UTF-8"?>
<!-- Generated by org.testng.reporters.JUnitXMLReporter -->
<testsuite ignored="0" hostname="DESKTOP-EEPE4EA" failures="0" tests="11" name="Test" time="76.014" errors="0" timestamp="2023-11-09T16:38:35 EST">
  <testcase classname="testPages.TestPage" name="HooverCellPhoneLink" time="9.334"/>
  <testcase classname="testPages.TestPage" name="CellphoneSelect" time="4.419"/>
  <testcase classname="testPages.TestPage" name="AddToCart" time="12.732"/>
  <testcase classname="testPages.TestPage" name="ShopCart" time="6.504"/>
  <testcase classname="testPages.TestPage" name="CheckOutAsGuest" time="1.401"/>
  <testcase classname="testPages.TestPage" name="BillingInfo" time="0.783"/>
  <testcase classname="testPages.TestPage" name="ShipmentMethod" time="0.327"/>
  <testcase classname="testPages.TestPage" name="PaymentMethod" time="13.091"/>
  <testcase classname="testPages.TestPage" name="PaymentInfo" time="7.048"/>
  <testcase classname="testPages.TestPage" name="OrderConfirmation" time="3.054"/>
  <testcase classname="testPages.TestPage" name="CompletedOrder" time="5.269"/>
</testsuite> <!-- Test -->
