<?xml version="1.0" encoding="UTF-8"?>
<testng-results ignored="0" total="3" passed="3" failed="0" skipped="0">
  <reporter-output>
  </reporter-output>
  <suite started-at="2023-11-13T19:20:28 EST" name="Default suite" finished-at="2023-11-13T19:21:00 EST" duration-ms="31728">
    <groups>
    </groups>
    <test started-at="2023-11-13T19:20:28 EST" name="Default test" finished-at="2023-11-13T19:21:00 EST" duration-ms="31728">
      <class name="testPages.dataProviderMySqlTest">
        <test-method signature="setUpTest(java.lang.String,java.lang.String,java.lang.String)[pri:0, instance:testPages.dataProviderMySqlTest@6d304f9d]" started-at="2023-11-13T19:20:29 EST" name="setUpTest" data-provider="mySqlReadData" finished-at="2023-11-13T19:20:38 EST" duration-ms="9679" status="PASS">
          <params>
            <param index="0">
              <value>
                <![CDATA[chrome]]>
              </value>
            </param>
            <param index="1">
              <value>
                <![CDATA[https://demo.nopcommerce.com/]]>
              </value>
            </param>
            <param index="2">
              <value is-null="true"/>
            </param>
          </params>
          <reporter-output>
          </reporter-output>
        </test-method> <!-- setUpTest -->
        <test-method signature="setUpTest(java.lang.String,java.lang.String,java.lang.String)[pri:0, instance:testPages.dataProviderMySqlTest@6d304f9d]" started-at="2023-11-13T19:20:38 EST" name="setUpTest" data-provider="mySqlReadData" finished-at="2023-11-13T19:20:50 EST" duration-ms="11440" status="PASS">
          <params>
            <param index="0">
              <value>
                <![CDATA[firefox]]>
              </value>
            </param>
            <param index="1">
              <value>
                <![CDATA[https://demo.nopcommerce.com/]]>
              </value>
            </param>
            <param index="2">
              <value is-null="true"/>
            </param>
          </params>
          <reporter-output>
          </reporter-output>
        </test-method> <!-- setUpTest -->
        <test-method signature="setUpTest(java.lang.String,java.lang.String,java.lang.String)[pri:0, instance:testPages.dataProviderMySqlTest@6d304f9d]" started-at="2023-11-13T19:20:50 EST" name="setUpTest" data-provider="mySqlReadData" finished-at="2023-11-13T19:21:00 EST" duration-ms="10071" status="PASS">
          <params>
            <param index="0">
              <value>
                <![CDATA[edge]]>
              </value>
            </param>
            <param index="1">
              <value>
                <![CDATA[https://demo.nopcommerce.com/]]>
              </value>
            </param>
            <param index="2">
              <value is-null="true"/>
            </param>
          </params>
          <reporter-output>
          </reporter-output>
        </test-method> <!-- setUpTest -->
      </class> <!-- testPages.dataProviderMySqlTest -->
    </test> <!-- Default test -->
  </suite> <!-- Default suite -->
</testng-results>
